[debug] [2022-10-20T16:29:12.128Z] ----------------------------------------------------------------------
[debug] [2022-10-20T16:29:12.130Z] Command:       D:\Program Files\node.exe C:\Users\NE OFFICIAL\AppData\Roaming\npm\node_modules\firebase-tools\lib\bin\firebase.js init
[debug] [2022-10-20T16:29:12.131Z] CLI Version:   11.15.0
[debug] [2022-10-20T16:29:12.131Z] Platform:      win32
[debug] [2022-10-20T16:29:12.131Z] Node Version:  v16.18.0
[debug] [2022-10-20T16:29:12.133Z] Time:          Thu Oct 20 2022 09:29:12 GMT-0700 (Pacific Daylight Time)
[debug] [2022-10-20T16:29:12.133Z] ----------------------------------------------------------------------
[debug] 
[debug] [2022-10-20T16:29:12.141Z] > command requires scopes: ["email","openid","https://www.googleapis.com/auth/cloudplatformprojects.readonly","https://www.googleapis.com/auth/firebase","https://www.googleapis.com/auth/cloud-platform"]
[debug] [2022-10-20T16:29:12.141Z] > authorizing via signed-in user (mynameisjyotirmoy@gmail.com)
[info] 
     ######## #### ########  ######## ########     ###     ######  ########
     ##        ##  ##     ## ##       ##     ##  ##   ##  ##       ##
     ######    ##  ########  ######   ########  #########  ######  ######
     ##        ##  ##    ##  ##       ##     ## ##     ##       ## ##
     ##       #### ##     ## ######## ########  ##     ##  ######  ########

You're about to initialize a Firebase project in this directory:

  F:\HTML DM

[info] 
=== Project Setup
[info] 
[info] First, let's associate this project directory with a Firebase project.
[info] You can create multiple project aliases by running firebase use --add, 
[info] but for now we'll just set up a default project.
[info] 
[debug] [2022-10-20T16:32:21.110Z] > refreshing access token with scopes: []
[debug] [2022-10-20T16:32:21.113Z] >>> [apiv2][query] POST https://www.googleapis.com/oauth2/v3/token [none]
[debug] [2022-10-20T16:32:21.113Z] >>> [apiv2][body] POST https://www.googleapis.com/oauth2/v3/token [omitted]
[debug] [2022-10-20T16:32:21.918Z] <<< [apiv2][status] POST https://www.googleapis.com/oauth2/v3/token 200
[debug] [2022-10-20T16:32:21.919Z] <<< [apiv2][body] POST https://www.googleapis.com/oauth2/v3/token [omitted]
[debug] [2022-10-20T16:32:22.042Z] >>> [apiv2][query] GET https://firebase.googleapis.com/v1beta1/projects pageSize=100
[debug] [2022-10-20T16:32:23.488Z] <<< [apiv2][status] GET https://firebase.googleapis.com/v1beta1/projects 200
[debug] [2022-10-20T16:32:23.488Z] <<< [apiv2][body] GET https://firebase.googleapis.com/v1beta1/projects [omitted]
[info] i  Using project neofficial-fe085 (NEOFFICIAL ) 
[info] 
=== Hosting Setup
[info] 
[info] Your public directory is the folder (relative to your project directory) that
[info] will contain Hosting assets to be uploaded with firebase deploy. If you
[info] have a build process for your assets, use your build's output directory.
[info] 
[debug] [2022-10-20T16:38:05.112Z] >>> [apiv2][query] GET https://www.gstatic.com/firebasejs/releases.json [none]
[debug] [2022-10-20T16:38:05.503Z] <<< [apiv2][status] GET https://www.gstatic.com/firebasejs/releases.json 200
[debug] [2022-10-20T16:38:05.503Z] <<< [apiv2][body] GET https://www.gstatic.com/firebasejs/releases.json {"current":{"version":"9.12.1","browserURL":"https://www.gstatic.com/firebasejs/9.12.1/firebase.js","packageURL":"https://www.gstatic.com/firebasejs/9.12.1/firebase.tgz"},"live":{"version":"9.12","browserURL":"https://www.gstatic.com/firebasejs/live/9.12/firebase.js","packageURL":"https://www.gstatic.com/firebasejs/live/9.12/firebase.tgz"},"components":{"analytics":"https://www.gstatic.com/firebasejs/9.12.1/firebase-analytics.js","app":"https://www.gstatic.com/firebasejs/9.12.1/firebase-app.js","app-check":"https://www.gstatic.com/firebasejs/9.12.1/firebase-app-check.js","auth":"https://www.gstatic.com/firebasejs/9.12.1/firebase-auth.js","auth/cordova":"https://www.gstatic.com/firebasejs/9.12.1/firebase-auth/cordova.js","auth/react-native":"https://www.gstatic.com/firebasejs/9.12.1/firebase-auth/react-native.js","functions":"https://www.gstatic.com/firebasejs/9.12.1/firebase-functions.js","firestore":"https://www.gstatic.com/firebasejs/9.12.1/firebase-firestore.js","firestore/lite":"https://www.gstatic.com/firebasejs/9.12.1/firebase-firestore/lite.js","installations":"https://www.gstatic.com/firebasejs/9.12.1/firebase-installations.js","storage":"https://www.gstatic.com/firebasejs/9.12.1/firebase-storage.js","performance":"https://www.gstatic.com/firebasejs/9.12.1/firebase-performance.js","remote-config":"https://www.gstatic.com/firebasejs/9.12.1/firebase-remote-config.js","messaging":"https://www.gstatic.com/firebasejs/9.12.1/firebase-messaging.js","messaging/sw":"https://www.gstatic.com/firebasejs/9.12.1/firebase-messaging/sw.js","database":"https://www.gstatic.com/firebasejs/9.12.1/firebase-database.js","firestore.memory":"https://www.gstatic.com/firebasejs/9.12.1/firebase-firestore.memory.js"}}
[info] +  Wrote public/index.html 
[info] 
[info] i  Didn't detect a .git folder. Assuming F:\HTML DM is the project root. 
[info] i  Authorizing with GitHub to upload your service account to a GitHub repository's secrets store. 
[info] 
[info] Visit this URL on this device to log in:
[info] https://github.com/login/oauth/authorize?client_id=89cf50f02ac6aaed3484&state=464565710&redirect_uri=http%3A%2F%2Flocalhost%3A9005&scope=read%3Auser%20repo%20public_repo
[info] 
[info] Waiting for authentication...
[debug] [2022-10-20T16:45:04.077Z] >>> [apiv2][query] POST https://github.com/login/oauth/access_token [none]
[debug] [2022-10-20T16:45:04.078Z] >>> [apiv2][body] POST https://github.com/login/oauth/access_token [stream]
[debug] [2022-10-20T16:45:05.053Z] <<< [apiv2][status] POST https://github.com/login/oauth/access_token 200
[debug] [2022-10-20T16:45:05.054Z] <<< [apiv2][body] POST https://github.com/login/oauth/access_token {"access_token":"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","token_type":"bearer","scope":"read:user,repo"}
[debug] [2022-10-20T16:45:05.274Z] >>> [apiv2][query] GET https://api.github.com/user [none]
[debug] [2022-10-20T16:45:06.326Z] <<< [apiv2][status] GET https://api.github.com/user 200
[debug] [2022-10-20T16:45:06.327Z] <<< [apiv2][body] GET https://api.github.com/user {"login":"Novo0007","id":106741077,"node_id":"U_kgDOBly9VQ","avatar_url":"https://avatars.githubusercontent.com/u/106741077?v=4","gravatar_id":"","url":"https://api.github.com/users/Novo0007","html_url":"https://github.com/Novo0007","followers_url":"https://api.github.com/users/Novo0007/followers","following_url":"https://api.github.com/users/Novo0007/following{/other_user}","gists_url":"https://api.github.com/users/Novo0007/gists{/gist_id}","starred_url":"https://api.github.com/users/Novo0007/starred{/owner}{/repo}","subscriptions_url":"https://api.github.com/users/Novo0007/subscriptions","organizations_url":"https://api.github.com/users/Novo0007/orgs","repos_url":"https://api.github.com/users/Novo0007/repos","events_url":"https://api.github.com/users/Novo0007/events{/privacy}","received_events_url":"https://api.github.com/users/Novo0007/received_events","type":"User","site_admin":false,"name":"ƝᎬᎧ  ★","company":null,"blog":"https://wa.me/message/OQ7S6SPJVND3C1","location":null,"email":null,"hireable":null,"bio":"Bandlab -\r\nhttps://www.bandlab.com/novo0007 \r\n","twitter_username":null,"public_repos":3,"public_gists":0,"followers":0,"following":0,"created_at":"2022-06-02T10:26:45Z","updated_at":"2022-10-20T16:43:49Z","private_gists":0,"total_private_repos":0,"owned_private_repos":0,"disk_usage":0,"collaborators":0,"two_factor_authentication":false,"plan":{"name":"free","space":976562499,"collaborators":0,"private_repos":10000}}
[info] 
[info] +  Success! Logged into GitHub as Novo0007 
[info] 
[debug] [2022-10-20T16:45:06.535Z] >>> [apiv2][query] GET https://api.github.com/repos/https://github.com/Novo0007/neo.gitecho "# neo" >> README.md/actions/secrets/public-key type=owner
[debug] [2022-10-20T16:45:06.537Z] >>> [apiv2][query] GET https://api.github.com/repos/git init/actions/secrets/public-key type=owner
[debug] [2022-10-20T16:45:06.539Z] >>> [apiv2][query] GET https://api.github.com/repos/git add README.md/actions/secrets/public-key type=owner
[debug] [2022-10-20T16:45:06.541Z] >>> [apiv2][query] GET https://api.github.com/repos/git commit -m "first commit"/actions/secrets/public-key type=owner
[debug] [2022-10-20T16:45:06.543Z] >>> [apiv2][query] GET https://api.github.com/repos/git branch -M main/actions/secrets/public-key type=owner
[debug] [2022-10-20T16:45:06.545Z] >>> [apiv2][query] GET https://api.github.com/repos/git remote add origin https://github.com/Novo0007/neo.git/actions/secrets/public-key type=owner
[debug] [2022-10-20T16:45:07.205Z] <<< [apiv2][status] GET https://api.github.com/repos/https://github.com/Novo0007/neo.gitecho "# neo" >> README.md/actions/secrets/public-key 404
[debug] [2022-10-20T16:45:07.206Z] <<< [apiv2][body] GET https://api.github.com/repos/https://github.com/Novo0007/neo.gitecho "# neo" >> README.md/actions/secrets/public-key {"message":"Not Found","documentation_url":"https://docs.github.com/rest"}
[debug] [2022-10-20T16:45:07.216Z] <<< [apiv2][status] GET https://api.github.com/repos/git commit -m "first commit"/actions/secrets/public-key 404
[debug] [2022-10-20T16:45:07.217Z] <<< [apiv2][body] GET https://api.github.com/repos/git commit -m "first commit"/actions/secrets/public-key {"message":"Not Found","documentation_url":"https://docs.github.com/rest"}
[debug] [2022-10-20T16:45:07.221Z] <<< [apiv2][status] GET https://api.github.com/repos/git add README.md/actions/secrets/public-key 404
[debug] [2022-10-20T16:45:07.221Z] <<< [apiv2][body] GET https://api.github.com/repos/git add README.md/actions/secrets/public-key {"message":"Not Found","documentation_url":"https://docs.github.com/rest"}
[debug] [2022-10-20T16:45:07.234Z] <<< [apiv2][status] GET https://api.github.com/repos/git remote add origin https://github.com/Novo0007/neo.git/actions/secrets/public-key 404
[debug] [2022-10-20T16:45:07.235Z] <<< [apiv2][body] GET https://api.github.com/repos/git remote add origin https://github.com/Novo0007/neo.git/actions/secrets/public-key {"message":"Not Found","documentation_url":"https://docs.github.com/rest"}
[debug] [2022-10-20T16:45:07.241Z] <<< [apiv2][status] GET https://api.github.com/repos/git branch -M main/actions/secrets/public-key 404
[debug] [2022-10-20T16:45:07.242Z] <<< [apiv2][body] GET https://api.github.com/repos/git branch -M main/actions/secrets/public-key {"message":"Not Found","documentation_url":"https://docs.github.com/rest"}
[debug] [2022-10-20T16:45:07.254Z] <<< [apiv2][status] GET https://api.github.com/repos/git init/actions/secrets/public-key 404
[debug] [2022-10-20T16:45:07.254Z] <<< [apiv2][body] GET https://api.github.com/repos/git init/actions/secrets/public-key {"message":"Not Found","documentation_url":"https://docs.github.com/rest"}
[debug] [2022-10-20T16:47:39.628Z] >>> [apiv2][query] GET https://api.github.com/repos/git push -u origin mainhttps://github.com/Novo0007/neo.gitecho "# neo" >> README.mdgit commit -m "first commit"git add README.mdgit remote add origin https://github.com/Novo0007/neo.gitgit branch -M maingit init/actions/secrets/public-key type=owner
[debug] [2022-10-20T16:47:40.246Z] <<< [apiv2][status] GET https://api.github.com/repos/git push -u origin mainhttps://github.com/Novo0007/neo.gitecho "# neo" >> README.mdgit commit -m "first commit"git add README.mdgit remote add origin https://github.com/Novo0007/neo.gitgit branch -M maingit init/actions/secrets/public-key 404
[debug] [2022-10-20T16:47:40.247Z] <<< [apiv2][body] GET https://api.github.com/repos/git push -u origin mainhttps://github.com/Novo0007/neo.gitecho "# neo" >> README.mdgit commit -m "first commit"git add README.mdgit remote add origin https://github.com/Novo0007/neo.gitgit branch -M maingit init/actions/secrets/public-key {"message":"Not Found","documentation_url":"https://docs.github.com/rest"}
[debug] [2022-10-20T16:47:43.722Z] >>> [apiv2][query] GET https://api.github.com/repos/git push -u origin mainhttps://github.com/Novo0007/neo.gitecho "# neo" >> README.mdgit commit -m "first commit"git add README.mdgit remote add origin https://github.com/Novo0007/neo.gitgit branch -M maingit init/actions/secrets/public-key type=owner
[debug] [2022-10-20T16:47:44.404Z] <<< [apiv2][status] GET https://api.github.com/repos/git push -u origin mainhttps://github.com/Novo0007/neo.gitecho "# neo" >> README.mdgit commit -m "first commit"git add README.mdgit remote add origin https://github.com/Novo0007/neo.gitgit branch -M maingit init/actions/secrets/public-key 404
[debug] [2022-10-20T16:47:44.404Z] <<< [apiv2][body] GET https://api.github.com/repos/git push -u origin mainhttps://github.com/Novo0007/neo.gitecho "# neo" >> README.mdgit commit -m "first commit"git add README.mdgit remote add origin https://github.com/Novo0007/neo.gitgit branch -M maingit init/actions/secrets/public-key {"message":"Not Found","documentation_url":"https://docs.github.com/rest"}
[debug] [2022-10-20T16:56:58.765Z] >>> [apiv2][query] GET https://api.github.com/repos/git push -u origin mainhttps://github.com/Novo0007/neo.gitecho "# neo" >> README.mdgit commit -m "first commit"git add README.mdgit remote add origin https://github.com/Novo0007/neo.gitgit branch -M maingit init90775a715257c140b8f7abb9ee5a4861e508917d/actions/secrets/public-key type=owner
[debug] [2022-10-20T16:56:59.469Z] <<< [apiv2][status] GET https://api.github.com/repos/git push -u origin mainhttps://github.com/Novo0007/neo.gitecho "# neo" >> README.mdgit commit -m "first commit"git add README.mdgit remote add origin https://github.com/Novo0007/neo.gitgit branch -M maingit init90775a715257c140b8f7abb9ee5a4861e508917d/actions/secrets/public-key 404
[debug] [2022-10-20T16:56:59.470Z] <<< [apiv2][body] GET https://api.github.com/repos/git push -u origin mainhttps://github.com/Novo0007/neo.gitecho "# neo" >> README.mdgit commit -m "first commit"git add README.mdgit remote add origin https://github.com/Novo0007/neo.gitgit branch -M maingit init90775a715257c140b8f7abb9ee5a4861e508917d/actions/secrets/public-key {"message":"Not Found","documentation_url":"https://docs.github.com/rest"}
[debug] [2022-10-20T16:59:48.681Z] >>> [apiv2][query] GET https://api.github.com/repos/git push -u origin mainhttps://github.com/Novo0007/neo.gitecho "# neo" >> README.mdgit commit -m "first commit"git add README.mdgit remote add origin https://github.com/Novo0007/neo.gitgit branch -M maingit init90775a715257c140b8f7abb9ee5a4861e508917dREADME.mdfirebase deploy/actions/secrets/public-key type=owner
[debug] [2022-10-20T16:59:49.397Z] <<< [apiv2][status] GET https://api.github.com/repos/git push -u origin mainhttps://github.com/Novo0007/neo.gitecho "# neo" >> README.mdgit commit -m "first commit"git add README.mdgit remote add origin https://github.com/Novo0007/neo.gitgit branch -M maingit init90775a715257c140b8f7abb9ee5a4861e508917dREADME.mdfirebase deploy/actions/secrets/public-key 404
[debug] [2022-10-20T16:59:49.398Z] <<< [apiv2][body] GET https://api.github.com/repos/git push -u origin mainhttps://github.com/Novo0007/neo.gitecho "# neo" >> README.mdgit commit -m "first commit"git add README.mdgit remote add origin https://github.com/Novo0007/neo.gitgit branch -M maingit init90775a715257c140b8f7abb9ee5a4861e508917dREADME.mdfirebase deploy/actions/secrets/public-key {"message":"Not Found","documentation_url":"https://docs.github.com/rest"}
